2022-09-12T09:13:56.058Z [whale_hunter_v2] info: ================ Starting Run ================
2022-09-12T09:13:56.060Z [whale_hunter_v2] info: Application running on ropsten
2022-09-12T09:13:56.060Z [whale_hunter_v2] info: ================ Pair Info ================
2022-09-12T09:13:56.060Z [whale_hunter_v2] info: Uniswap pair address: 0x4E99615101cCBB83A462dC4DE2bc1362EF1365e5
2022-09-12T09:14:02.163Z [whale_hunter_v2] info: token0: Uniswap (UNI)
2022-09-12T09:14:02.164Z [whale_hunter_v2] info: token1: Wrapped Ether (WETH)
2022-09-12T09:14:03.391Z [whale_hunter_v2] info: Pair: WETH/UNI
2022-09-12T09:14:03.391Z [whale_hunter_v2] info: Mid price - Pre trade quote based on current pool reserves
2022-09-12T09:14:03.394Z [whale_hunter_v2] info: 1 WETH = 0.099917 UNI
2022-09-12T09:14:03.395Z [whale_hunter_v2] info: 1 UNI = 10.0083 WETH
2022-09-12T09:14:03.395Z [whale_hunter_v2] info: Fiat exchange rates:
2022-09-12T09:14:03.397Z [whale_hunter_v2] info: 1 UNI = $17,582.88
2022-09-12T09:14:03.397Z [whale_hunter_v2] info: 1 WETH = $1,756.83
2022-09-12T09:14:03.397Z [whale_hunter_v2] info: Execution price - The actual execution price we will get based on the current pool reserves
2022-09-12T09:14:29.203Z [whale_hunter_v2] info: ================ Starting Run ================
2022-09-12T09:14:29.204Z [whale_hunter_v2] info: Application running on ropsten
2022-09-12T09:14:29.204Z [whale_hunter_v2] info: ================ Pair Info ================
2022-09-12T09:14:29.204Z [whale_hunter_v2] info: Uniswap pair address: 0x4E99615101cCBB83A462dC4DE2bc1362EF1365e5
2022-09-12T09:14:35.399Z [whale_hunter_v2] info: token0: Uniswap (UNI)
2022-09-12T09:14:35.400Z [whale_hunter_v2] info: token1: Wrapped Ether (WETH)
2022-09-12T09:14:36.518Z [whale_hunter_v2] info: Pair: WETH/UNI
2022-09-12T09:14:36.518Z [whale_hunter_v2] info: Mid price - Pre trade quote based on current pool reserves
2022-09-12T09:14:36.522Z [whale_hunter_v2] info: 1 WETH = 0.099917 UNI
2022-09-12T09:14:36.523Z [whale_hunter_v2] info: 1 UNI = 10.0083 WETH
2022-09-12T09:14:36.523Z [whale_hunter_v2] info: Fiat exchange rates:
2022-09-12T09:14:36.529Z [whale_hunter_v2] info: 1 UNI = $17,582.88
2022-09-12T09:14:36.529Z [whale_hunter_v2] info: 1 WETH = $1,756.83
2022-09-12T09:14:36.529Z [whale_hunter_v2] info: Execution price - The actual execution price we will get based on the current pool reserves
2022-09-12T09:15:39.951Z [whale_hunter_v2] info: ================ Starting Run ================
2022-09-12T09:15:39.952Z [whale_hunter_v2] info: Application running on ropsten
2022-09-12T09:15:39.952Z [whale_hunter_v2] info: ================ Pair Info ================
2022-09-12T09:15:39.952Z [whale_hunter_v2] info: Uniswap pair address: 0x4E99615101cCBB83A462dC4DE2bc1362EF1365e5
2022-09-12T09:15:46.174Z [whale_hunter_v2] info: token0: Uniswap (UNI)
2022-09-12T09:15:46.175Z [whale_hunter_v2] info: token1: Wrapped Ether (WETH)
2022-09-12T09:15:47.426Z [whale_hunter_v2] info: Pair: WETH/UNI
2022-09-12T09:15:47.426Z [whale_hunter_v2] info: Mid price - Pre trade quote based on current pool reserves
2022-09-12T09:15:47.430Z [whale_hunter_v2] info: 1 WETH = 0.099917 UNI
2022-09-12T09:15:47.431Z [whale_hunter_v2] info: 1 UNI = 10.0083 WETH
2022-09-12T09:15:47.431Z [whale_hunter_v2] info: Fiat exchange rates:
2022-09-12T09:15:47.437Z [whale_hunter_v2] info: 1 UNI = $17,582.88
2022-09-12T09:15:47.437Z [whale_hunter_v2] info: 1 WETH = $1,756.83
2022-09-12T09:15:47.437Z [whale_hunter_v2] info: Execution price - The actual execution price we will get based on the current pool reserves
2022-09-12T09:21:22.410Z [whale_hunter_v2] info: ================ Starting Run ================
2022-09-12T09:21:22.412Z [whale_hunter_v2] info: Application running on ropsten
2022-09-12T09:21:22.412Z [whale_hunter_v2] info: ================ Pair Info ================
2022-09-12T09:21:22.412Z [whale_hunter_v2] info: Uniswap pair address: 0x4E99615101cCBB83A462dC4DE2bc1362EF1365e5
2022-09-12T09:21:28.468Z [whale_hunter_v2] info: token0: Uniswap (UNI)
2022-09-12T09:21:28.469Z [whale_hunter_v2] info: token1: Wrapped Ether (WETH)
2022-09-12T09:21:31.383Z [whale_hunter_v2] info: Pair: WETH/UNI
2022-09-12T09:21:31.383Z [whale_hunter_v2] info: Mid price - Pre trade quote based on current pool reserves
2022-09-12T09:21:31.387Z [whale_hunter_v2] info: 1 WETH = 0.099917 UNI
2022-09-12T09:21:31.388Z [whale_hunter_v2] info: 1 UNI = 10.0083 WETH
2022-09-12T09:21:31.388Z [whale_hunter_v2] info: Fiat exchange rates:
2022-09-12T09:21:31.393Z [whale_hunter_v2] info: 1 UNI = $17,572.97
2022-09-12T09:21:31.393Z [whale_hunter_v2] info: 1 WETH = $1,755.84
2022-09-12T09:21:31.393Z [whale_hunter_v2] info: Execution price - The actual execution price we will get based on the current pool reserves
2022-09-12T09:22:21.934Z [whale_hunter_v2] info: ================ Starting Run ================
2022-09-12T09:22:21.935Z [whale_hunter_v2] info: Application running on ropsten
2022-09-12T09:22:21.935Z [whale_hunter_v2] info: ================ Pair Info ================
2022-09-12T09:22:21.935Z [whale_hunter_v2] info: Uniswap pair address: 0x4E99615101cCBB83A462dC4DE2bc1362EF1365e5
2022-09-12T09:22:27.947Z [whale_hunter_v2] info: token0: Uniswap (UNI)
2022-09-12T09:22:27.947Z [whale_hunter_v2] info: token1: Wrapped Ether (WETH)
2022-09-12T09:22:31.065Z [whale_hunter_v2] info: Pair: WETH/UNI
2022-09-12T09:22:31.065Z [whale_hunter_v2] info: Mid price - Pre trade quote based on current pool reserves
2022-09-12T09:22:31.069Z [whale_hunter_v2] info: 1 WETH = 0.099917 UNI
2022-09-12T09:22:31.069Z [whale_hunter_v2] info: 1 UNI = 10.0083 WETH
2022-09-12T09:22:31.070Z [whale_hunter_v2] info: Fiat exchange rates:
2022-09-12T09:22:31.076Z [whale_hunter_v2] info: 1 UNI = $17,570.27
2022-09-12T09:22:31.076Z [whale_hunter_v2] info: 1 WETH = $1,755.57
2022-09-12T09:22:31.076Z [whale_hunter_v2] info: Execution price - The actual execution price we will get based on the current pool reserves
2022-09-12T10:43:46.104Z [whale_hunter_v2] info: ================ Starting Run ================
2022-09-12T10:43:46.105Z [whale_hunter_v2] info: Application running on ropsten
2022-09-12T10:43:46.105Z [whale_hunter_v2] info: ================ Pair Info ================
2022-09-12T10:43:46.105Z [whale_hunter_v2] info: Uniswap pair address: 0x4E99615101cCBB83A462dC4DE2bc1362EF1365e5
2022-09-12T10:43:52.309Z [whale_hunter_v2] info: token0: Uniswap (UNI)
2022-09-12T10:43:52.310Z [whale_hunter_v2] info: token1: Wrapped Ether (WETH)
2022-09-12T10:43:53.731Z [whale_hunter_v2] info: Pair: WETH/UNI
2022-09-12T10:43:53.731Z [whale_hunter_v2] info: Mid price - Pre trade quote based on current pool reserves
2022-09-12T10:43:53.735Z [whale_hunter_v2] info: 1 WETH = 0.099917 UNI
2022-09-12T10:43:53.736Z [whale_hunter_v2] info: 1 UNI = 10.0083 WETH
2022-09-12T10:43:53.736Z [whale_hunter_v2] info: Fiat exchange rates:
2022-09-12T10:43:53.744Z [whale_hunter_v2] info: 1 UNI = $17,444.47
2022-09-12T10:43:53.744Z [whale_hunter_v2] info: 1 WETH = $1,743.00
2022-09-12T10:43:53.744Z [whale_hunter_v2] info: Execution price - The actual execution price we will get based on the current pool reserves
2022-09-12T10:44:10.869Z [whale_hunter_v2] info: ================ Starting Run ================
2022-09-12T10:44:10.871Z [whale_hunter_v2] info: Application running on ropsten
2022-09-12T10:44:10.871Z [whale_hunter_v2] info: ================ Pair Info ================
2022-09-12T10:44:10.871Z [whale_hunter_v2] info: Uniswap pair address: 0x4E99615101cCBB83A462dC4DE2bc1362EF1365e5
2022-09-12T10:44:16.877Z [whale_hunter_v2] info: token0: Uniswap (UNI)
2022-09-12T10:44:16.878Z [whale_hunter_v2] info: token1: Wrapped Ether (WETH)
2022-09-12T10:44:17.814Z [whale_hunter_v2] info: Pair: WETH/UNI
2022-09-12T10:44:17.814Z [whale_hunter_v2] info: Mid price - Pre trade quote based on current pool reserves
2022-09-12T10:44:17.818Z [whale_hunter_v2] info: 1 WETH = 0.099917 UNI
2022-09-12T10:44:17.819Z [whale_hunter_v2] info: 1 UNI = 10.0083 WETH
2022-09-12T10:44:17.819Z [whale_hunter_v2] info: Fiat exchange rates:
2022-09-12T10:44:17.825Z [whale_hunter_v2] info: 1 UNI = $17,444.47
2022-09-12T10:44:17.825Z [whale_hunter_v2] info: 1 WETH = $1,743.00
2022-09-12T10:44:17.825Z [whale_hunter_v2] info: Execution price - The actual execution price we will get based on the current pool reserves
2022-09-12T10:44:39.110Z [whale_hunter_v2] info: ================ Starting Run ================
2022-09-12T10:44:39.111Z [whale_hunter_v2] info: Application running on ropsten
2022-09-12T10:44:39.111Z [whale_hunter_v2] info: ================ Pair Info ================
2022-09-12T10:44:39.111Z [whale_hunter_v2] info: Uniswap pair address: 0x4E99615101cCBB83A462dC4DE2bc1362EF1365e5
2022-09-12T10:44:45.056Z [whale_hunter_v2] info: token0: Uniswap (UNI)
2022-09-12T10:44:45.056Z [whale_hunter_v2] info: token1: Wrapped Ether (WETH)
2022-09-12T10:44:46.010Z [whale_hunter_v2] info: Pair: WETH/UNI
2022-09-12T10:44:46.010Z [whale_hunter_v2] info: Mid price - Pre trade quote based on current pool reserves
2022-09-12T10:44:46.013Z [whale_hunter_v2] info: 1 WETH = 0.099917 UNI
2022-09-12T10:44:46.014Z [whale_hunter_v2] info: 1 UNI = 10.0083 WETH
2022-09-12T10:44:46.014Z [whale_hunter_v2] info: Fiat exchange rates:
2022-09-12T10:44:46.015Z [whale_hunter_v2] info: 1 UNI = $17,472.69
2022-09-12T10:44:46.015Z [whale_hunter_v2] info: 1 WETH = $1,745.82
2022-09-12T10:44:46.016Z [whale_hunter_v2] info: Execution price - The actual execution price we will get based on the current pool reserves
2022-09-12T10:49:18.931Z [whale_hunter_v2] info: ================ Starting Run ================
2022-09-12T10:49:18.932Z [whale_hunter_v2] info: Application running on ropsten
2022-09-12T10:49:18.932Z [whale_hunter_v2] info: ================ Pair Info ================
2022-09-12T10:49:18.932Z [whale_hunter_v2] info: Uniswap pair address: 0x4E99615101cCBB83A462dC4DE2bc1362EF1365e5
2022-09-12T10:49:25.163Z [whale_hunter_v2] info: token0: Uniswap (UNI)
2022-09-12T10:49:25.163Z [whale_hunter_v2] info: token1: Wrapped Ether (WETH)
2022-09-12T10:49:26.065Z [whale_hunter_v2] info: Pair: WETH/UNI
2022-09-12T10:49:26.065Z [whale_hunter_v2] info: Mid price - Pre trade quote based on current pool reserves
2022-09-12T10:49:26.068Z [whale_hunter_v2] info: 1 WETH = 0.099917 UNI
2022-09-12T10:49:26.068Z [whale_hunter_v2] info: 1 UNI = 10.0083 WETH
2022-09-12T10:49:26.069Z [whale_hunter_v2] info: Fiat exchange rates:
2022-09-12T10:49:26.076Z [whale_hunter_v2] info: 1 UNI = $17,490.71
2022-09-12T10:49:26.076Z [whale_hunter_v2] info: 1 WETH = $1,747.62
2022-09-12T10:49:26.076Z [whale_hunter_v2] info: Execution price - The actual execution price we will get based on the current pool reserves
2022-09-12T10:50:26.355Z [whale_hunter_v2] info: ================ Starting Run ================
2022-09-12T10:50:26.356Z [whale_hunter_v2] info: Application running on ropsten
2022-09-12T10:50:26.356Z [whale_hunter_v2] info: ================ Pair Info ================
2022-09-12T10:50:26.356Z [whale_hunter_v2] info: Uniswap pair address: 0x4E99615101cCBB83A462dC4DE2bc1362EF1365e5
2022-09-12T10:50:32.524Z [whale_hunter_v2] info: token0: Uniswap (UNI)
2022-09-12T10:50:32.525Z [whale_hunter_v2] info: token1: Wrapped Ether (WETH)
2022-09-12T10:50:33.787Z [whale_hunter_v2] info: Pair: WETH/UNI
2022-09-12T10:50:33.787Z [whale_hunter_v2] info: Mid price - Pre trade quote based on current pool reserves
2022-09-12T10:50:33.790Z [whale_hunter_v2] info: 1 WETH = 0.099917 UNI
2022-09-12T10:50:33.791Z [whale_hunter_v2] info: 1 UNI = 10.0083 WETH
2022-09-12T10:50:33.791Z [whale_hunter_v2] info: Fiat exchange rates:
2022-09-12T10:50:33.798Z [whale_hunter_v2] info: 1 UNI = $17,491.41
2022-09-12T10:50:33.798Z [whale_hunter_v2] info: 1 WETH = $1,747.69
2022-09-12T10:50:33.798Z [whale_hunter_v2] info: Execution price - The actual execution price we will get based on the current pool reserves
2022-09-12T10:50:43.863Z [whale_hunter_v2] info: ================ Starting Run ================
2022-09-12T10:50:43.865Z [whale_hunter_v2] info: Application running on ropsten
2022-09-12T10:50:43.865Z [whale_hunter_v2] info: ================ Pair Info ================
2022-09-12T10:50:43.865Z [whale_hunter_v2] info: Uniswap pair address: 0x4E99615101cCBB83A462dC4DE2bc1362EF1365e5
2022-09-12T10:50:49.859Z [whale_hunter_v2] info: token0: Uniswap (UNI)
2022-09-12T10:50:49.859Z [whale_hunter_v2] info: token1: Wrapped Ether (WETH)
2022-09-12T10:50:52.795Z [whale_hunter_v2] info: Pair: WETH/UNI
2022-09-12T10:50:52.795Z [whale_hunter_v2] info: Mid price - Pre trade quote based on current pool reserves
2022-09-12T10:50:52.799Z [whale_hunter_v2] info: 1 WETH = 0.099917 UNI
2022-09-12T10:50:52.800Z [whale_hunter_v2] info: 1 UNI = 10.0083 WETH
2022-09-12T10:50:52.800Z [whale_hunter_v2] info: Fiat exchange rates:
2022-09-12T10:50:52.801Z [whale_hunter_v2] info: 1 UNI = $17,493.61
2022-09-12T10:50:52.801Z [whale_hunter_v2] info: 1 WETH = $1,747.91
2022-09-12T10:50:52.801Z [whale_hunter_v2] info: Execution price - The actual execution price we will get based on the current pool reserves
2022-09-12T10:51:48.593Z [whale_hunter_v2] info: ================ Starting Run ================
2022-09-12T10:51:48.594Z [whale_hunter_v2] info: Application running on ropsten
2022-09-12T10:51:48.594Z [whale_hunter_v2] info: ================ Pair Info ================
2022-09-12T10:51:48.594Z [whale_hunter_v2] info: Uniswap pair address: 0x4E99615101cCBB83A462dC4DE2bc1362EF1365e5
2022-09-12T10:51:54.719Z [whale_hunter_v2] info: token0: Uniswap (UNI)
2022-09-12T10:51:54.720Z [whale_hunter_v2] info: token1: Wrapped Ether (WETH)
2022-09-12T10:51:57.927Z [whale_hunter_v2] info: Pair: WETH/UNI
2022-09-12T10:51:57.927Z [whale_hunter_v2] info: Mid price - Pre trade quote based on current pool reserves
2022-09-12T10:51:57.931Z [whale_hunter_v2] info: 1 WETH = 0.099917 UNI
2022-09-12T10:51:57.932Z [whale_hunter_v2] info: 1 UNI = 10.0083 WETH
2022-09-12T10:51:57.932Z [whale_hunter_v2] info: Fiat exchange rates:
2022-09-12T10:51:57.940Z [whale_hunter_v2] info: 1 UNI = $17,495.71
2022-09-12T10:51:57.940Z [whale_hunter_v2] info: 1 WETH = $1,748.12
2022-09-12T10:51:57.940Z [whale_hunter_v2] info: Execution price - The actual execution price we will get based on the current pool reserves
2022-09-12T10:52:27.144Z [whale_hunter_v2] info: ================ Starting Run ================
2022-09-12T10:52:27.145Z [whale_hunter_v2] info: Application running on ropsten
2022-09-12T10:52:27.146Z [whale_hunter_v2] info: ================ Pair Info ================
2022-09-12T10:52:27.146Z [whale_hunter_v2] info: Uniswap pair address: 0x4E99615101cCBB83A462dC4DE2bc1362EF1365e5
2022-09-12T10:52:33.214Z [whale_hunter_v2] info: token0: Uniswap (UNI)
2022-09-12T10:52:33.214Z [whale_hunter_v2] info: token1: Wrapped Ether (WETH)
2022-09-12T10:52:36.182Z [whale_hunter_v2] info: Pair: WETH/UNI
2022-09-12T10:52:36.182Z [whale_hunter_v2] info: Mid price - Pre trade quote based on current pool reserves
2022-09-12T10:52:36.186Z [whale_hunter_v2] info: 1 WETH = 0.099917 UNI
2022-09-12T10:52:36.187Z [whale_hunter_v2] info: 1 UNI = 10.0083 WETH
2022-09-12T10:52:36.187Z [whale_hunter_v2] info: Fiat exchange rates:
2022-09-12T10:52:36.188Z [whale_hunter_v2] info: 1 UNI = $17,495.71
2022-09-12T10:52:36.188Z [whale_hunter_v2] info: 1 WETH = $1,748.12
2022-09-12T10:52:36.188Z [whale_hunter_v2] info: Execution price - The actual execution price we will get based on the current pool reserves
2022-09-12T10:53:34.678Z [whale_hunter_v2] info: ================ Starting Run ================
2022-09-12T10:53:34.679Z [whale_hunter_v2] info: Application running on ropsten
2022-09-12T10:53:34.679Z [whale_hunter_v2] info: ================ Pair Info ================
2022-09-12T10:53:34.679Z [whale_hunter_v2] info: Uniswap pair address: 0x4E99615101cCBB83A462dC4DE2bc1362EF1365e5
2022-09-12T10:53:40.722Z [whale_hunter_v2] info: token0: Uniswap (UNI)
2022-09-12T10:53:40.723Z [whale_hunter_v2] info: token1: Wrapped Ether (WETH)
2022-09-12T10:53:41.925Z [whale_hunter_v2] info: Pair: WETH/UNI
2022-09-12T10:53:41.925Z [whale_hunter_v2] info: Mid price - Pre trade quote based on current pool reserves
2022-09-12T10:53:41.929Z [whale_hunter_v2] info: 1 WETH = 0.099917 UNI
2022-09-12T10:53:41.930Z [whale_hunter_v2] info: 1 UNI = 10.0083 WETH
2022-09-12T10:53:41.930Z [whale_hunter_v2] info: Fiat exchange rates:
2022-09-12T10:53:41.931Z [whale_hunter_v2] info: 1 UNI = $17,493.81
2022-09-12T10:53:41.932Z [whale_hunter_v2] info: 1 WETH = $1,747.93
2022-09-12T10:53:41.932Z [whale_hunter_v2] info: Execution price - The actual execution price we will get based on the current pool reserves
2022-09-12T10:56:24.177Z [whale_hunter_v2] info: ================ Starting Run ================
2022-09-12T10:56:24.179Z [whale_hunter_v2] info: Application running on ropsten
2022-09-12T10:56:24.179Z [whale_hunter_v2] info: ================ Pair Info ================
2022-09-12T10:56:24.179Z [whale_hunter_v2] info: Uniswap pair address: 0x4E99615101cCBB83A462dC4DE2bc1362EF1365e5
2022-09-12T10:56:30.298Z [whale_hunter_v2] info: token0: Uniswap (UNI)
2022-09-12T10:56:30.298Z [whale_hunter_v2] info: token1: Wrapped Ether (WETH)
2022-09-12T10:56:31.293Z [whale_hunter_v2] info: Pair: WETH/UNI
2022-09-12T10:56:31.293Z [whale_hunter_v2] info: Mid price - Pre trade quote based on current pool reserves
2022-09-12T10:56:31.297Z [whale_hunter_v2] info: 1 WETH = 0.099917 UNI
2022-09-12T10:56:31.297Z [whale_hunter_v2] info: 1 UNI = 10.0083 WETH
2022-09-12T10:56:31.297Z [whale_hunter_v2] info: Fiat exchange rates:
2022-09-12T10:56:31.303Z [whale_hunter_v2] info: 1 UNI = $17,479.90
2022-09-12T10:56:31.303Z [whale_hunter_v2] info: 1 WETH = $1,746.54
2022-09-12T10:56:31.303Z [whale_hunter_v2] info: Execution price - The actual execution price we will get based on the current pool reserves
2022-09-12T10:57:12.789Z [whale_hunter_v2] info: ================ Starting Run ================
2022-09-12T10:57:12.791Z [whale_hunter_v2] info: Application running on ropsten
2022-09-12T10:57:12.791Z [whale_hunter_v2] info: ================ Pair Info ================
2022-09-12T10:57:12.791Z [whale_hunter_v2] info: Uniswap pair address: 0x4E99615101cCBB83A462dC4DE2bc1362EF1365e5
2022-09-12T10:57:18.809Z [whale_hunter_v2] info: token0: Uniswap (UNI)
2022-09-12T10:57:18.810Z [whale_hunter_v2] info: token1: Wrapped Ether (WETH)
2022-09-12T10:57:21.959Z [whale_hunter_v2] info: Pair: WETH/UNI
2022-09-12T10:57:21.959Z [whale_hunter_v2] info: Mid price - Pre trade quote based on current pool reserves
2022-09-12T10:57:21.962Z [whale_hunter_v2] info: 1 WETH = 0.099917 UNI
2022-09-12T10:57:21.963Z [whale_hunter_v2] info: 1 UNI = 10.0083 WETH
2022-09-12T10:57:21.963Z [whale_hunter_v2] info: Fiat exchange rates:
2022-09-12T10:57:21.964Z [whale_hunter_v2] info: 1 UNI = $17,479.30
2022-09-12T10:57:21.964Z [whale_hunter_v2] info: 1 WETH = $1,746.48
2022-09-12T10:57:21.964Z [whale_hunter_v2] info: Execution price - The actual execution price we will get based on the current pool reserves
2022-09-12T11:00:16.527Z [whale_hunter_v2] info: ================ Starting Run ================
2022-09-12T11:00:16.528Z [whale_hunter_v2] info: Application running on ropsten
2022-09-12T11:00:16.528Z [whale_hunter_v2] info: ================ Pair Info ================
2022-09-12T11:00:16.528Z [whale_hunter_v2] info: Uniswap pair address: 0x4E99615101cCBB83A462dC4DE2bc1362EF1365e5
2022-09-12T11:00:22.540Z [whale_hunter_v2] info: token0: Uniswap (UNI)
2022-09-12T11:00:22.541Z [whale_hunter_v2] info: token1: Wrapped Ether (WETH)
2022-09-12T11:00:25.770Z [whale_hunter_v2] info: Pair: WETH/UNI
2022-09-12T11:00:25.770Z [whale_hunter_v2] info: Mid price - Pre trade quote based on current pool reserves
2022-09-12T11:00:25.774Z [whale_hunter_v2] info: 1 WETH = 0.099917 UNI
2022-09-12T11:00:25.774Z [whale_hunter_v2] info: 1 UNI = 10.0083 WETH
2022-09-12T11:00:25.775Z [whale_hunter_v2] info: Fiat exchange rates:
2022-09-12T11:00:25.781Z [whale_hunter_v2] info: 1 UNI = $17,479.50
2022-09-12T11:00:25.781Z [whale_hunter_v2] info: 1 WETH = $1,746.50
2022-09-12T11:00:25.781Z [whale_hunter_v2] info: Execution price - The actual execution price we will get based on the current pool reserves
2022-09-12T11:00:44.100Z [whale_hunter_v2] info: ================ Starting Run ================
2022-09-12T11:00:44.101Z [whale_hunter_v2] info: Application running on ropsten
2022-09-12T11:00:44.101Z [whale_hunter_v2] info: ================ Pair Info ================
2022-09-12T11:00:44.101Z [whale_hunter_v2] info: Uniswap pair address: 0x4E99615101cCBB83A462dC4DE2bc1362EF1365e5
2022-09-12T11:00:50.174Z [whale_hunter_v2] info: token0: Uniswap (UNI)
2022-09-12T11:00:50.175Z [whale_hunter_v2] info: token1: Wrapped Ether (WETH)
2022-09-12T11:00:51.006Z [whale_hunter_v2] info: Pair: WETH/UNI
2022-09-12T11:00:51.006Z [whale_hunter_v2] info: Mid price - Pre trade quote based on current pool reserves
2022-09-12T11:00:51.008Z [whale_hunter_v2] info: 1 WETH = 0.099917 UNI
2022-09-12T11:00:51.009Z [whale_hunter_v2] info: 1 UNI = 10.0083 WETH
2022-09-12T11:00:51.009Z [whale_hunter_v2] info: Fiat exchange rates:
2022-09-12T11:00:51.010Z [whale_hunter_v2] info: 1 UNI = $17,479.50
2022-09-12T11:00:51.010Z [whale_hunter_v2] info: 1 WETH = $1,746.50
2022-09-12T11:00:51.010Z [whale_hunter_v2] info: Execution price - The actual execution price we will get based on the current pool reserves
2022-09-12T11:06:55.410Z [whale_hunter_v2] info: ================ Starting Run ================
2022-09-12T11:06:55.411Z [whale_hunter_v2] info: Application running on ropsten
2022-09-12T11:06:55.411Z [whale_hunter_v2] info: ================ Pair Info ================
2022-09-12T11:06:55.411Z [whale_hunter_v2] info: Uniswap pair address: 0x4E99615101cCBB83A462dC4DE2bc1362EF1365e5
2022-09-12T11:07:01.535Z [whale_hunter_v2] info: token0: Uniswap (UNI)
2022-09-12T11:07:01.536Z [whale_hunter_v2] info: token1: Wrapped Ether (WETH)
2022-09-12T11:07:02.757Z [whale_hunter_v2] info: Pair: WETH/UNI
2022-09-12T11:07:02.757Z [whale_hunter_v2] info: Mid price - Pre trade quote based on current pool reserves
2022-09-12T11:07:02.761Z [whale_hunter_v2] info: 1 WETH = 0.099917 UNI
2022-09-12T11:07:02.762Z [whale_hunter_v2] info: 1 UNI = 10.0083 WETH
2022-09-12T11:07:02.762Z [whale_hunter_v2] info: Fiat exchange rates:
2022-09-12T11:07:02.770Z [whale_hunter_v2] info: 1 UNI = $17,422.25
2022-09-12T11:07:02.770Z [whale_hunter_v2] info: 1 WETH = $1,740.78
2022-09-12T11:07:02.770Z [whale_hunter_v2] info: Execution price - The actual execution price we will get based on the current pool reserves
2022-09-12T11:07:53.814Z [whale_hunter_v2] info: ================ Starting Run ================
2022-09-12T11:07:53.815Z [whale_hunter_v2] info: Application running on ropsten
2022-09-12T11:07:53.815Z [whale_hunter_v2] info: ================ Pair Info ================
2022-09-12T11:07:53.815Z [whale_hunter_v2] info: Uniswap pair address: 0x4E99615101cCBB83A462dC4DE2bc1362EF1365e5
2022-09-12T11:07:59.888Z [whale_hunter_v2] info: token0: Uniswap (UNI)
2022-09-12T11:07:59.888Z [whale_hunter_v2] info: token1: Wrapped Ether (WETH)
2022-09-12T11:08:00.862Z [whale_hunter_v2] info: Pair: WETH/UNI
2022-09-12T11:08:00.863Z [whale_hunter_v2] info: Mid price - Pre trade quote based on current pool reserves
2022-09-12T11:08:00.867Z [whale_hunter_v2] info: 1 WETH = 0.099917 UNI
2022-09-12T11:08:00.867Z [whale_hunter_v2] info: 1 UNI = 10.0083 WETH
2022-09-12T11:08:00.867Z [whale_hunter_v2] info: Fiat exchange rates:
2022-09-12T11:08:00.874Z [whale_hunter_v2] info: 1 UNI = $17,422.25
2022-09-12T11:08:00.874Z [whale_hunter_v2] info: 1 WETH = $1,740.78
2022-09-12T11:08:00.874Z [whale_hunter_v2] info: Execution price - The actual execution price we will get based on the current pool reserves
2022-09-12T11:08:13.763Z [whale_hunter_v2] info: ================ Starting Run ================
2022-09-12T11:08:13.764Z [whale_hunter_v2] info: Application running on ropsten
2022-09-12T11:08:13.764Z [whale_hunter_v2] info: ================ Pair Info ================
2022-09-12T11:08:13.764Z [whale_hunter_v2] info: Uniswap pair address: 0x4E99615101cCBB83A462dC4DE2bc1362EF1365e5
2022-09-12T11:08:19.899Z [whale_hunter_v2] info: token0: Uniswap (UNI)
2022-09-12T11:08:19.900Z [whale_hunter_v2] info: token1: Wrapped Ether (WETH)
2022-09-12T11:08:22.760Z [whale_hunter_v2] info: Pair: WETH/UNI
2022-09-12T11:08:22.760Z [whale_hunter_v2] info: Mid price - Pre trade quote based on current pool reserves
2022-09-12T11:08:22.763Z [whale_hunter_v2] info: 1 WETH = 0.099917 UNI
2022-09-12T11:08:22.764Z [whale_hunter_v2] info: 1 UNI = 10.0083 WETH
2022-09-12T11:08:22.764Z [whale_hunter_v2] info: Fiat exchange rates:
2022-09-12T11:08:22.765Z [whale_hunter_v2] info: 1 UNI = $17,422.25
2022-09-12T11:08:22.765Z [whale_hunter_v2] info: 1 WETH = $1,740.78
2022-09-12T11:08:22.765Z [whale_hunter_v2] info: Execution price - The actual execution price we will get based on the current pool reserves
2022-09-12T11:10:40.477Z [whale_hunter_v2] info: ================ Starting Run ================
2022-09-12T11:10:40.478Z [whale_hunter_v2] info: Application running on ropsten
2022-09-12T11:10:40.478Z [whale_hunter_v2] info: ================ Pair Info ================
2022-09-12T11:10:40.478Z [whale_hunter_v2] info: Uniswap pair address: 0x4E99615101cCBB83A462dC4DE2bc1362EF1365e5
2022-09-12T11:10:46.630Z [whale_hunter_v2] info: token0: Uniswap (UNI)
2022-09-12T11:10:46.630Z [whale_hunter_v2] info: token1: Wrapped Ether (WETH)
2022-09-12T11:10:47.650Z [whale_hunter_v2] info: Pair: WETH/UNI
2022-09-12T11:10:47.650Z [whale_hunter_v2] info: Mid price - Pre trade quote based on current pool reserves
2022-09-12T11:10:47.654Z [whale_hunter_v2] info: 1 WETH = 0.099917 UNI
2022-09-12T11:10:47.654Z [whale_hunter_v2] info: 1 UNI = 10.0083 WETH
2022-09-12T11:10:47.655Z [whale_hunter_v2] info: Fiat exchange rates:
2022-09-12T11:10:47.662Z [whale_hunter_v2] info: 1 UNI = $17,438.76
2022-09-12T11:10:47.662Z [whale_hunter_v2] info: 1 WETH = $1,742.43
2022-09-12T11:10:47.662Z [whale_hunter_v2] info: Execution price - The actual execution price we will get based on the current pool reserves
2022-09-12T13:01:06.699Z [whale_hunter_v2] info: ================ Starting Run ================
2022-09-12T13:01:06.701Z [whale_hunter_v2] info: Application running on ropsten
2022-09-12T13:01:06.701Z [whale_hunter_v2] info: ================ Pair Info ================
2022-09-12T13:01:06.701Z [whale_hunter_v2] info: Uniswap pair address: 0x4E99615101cCBB83A462dC4DE2bc1362EF1365e5
2022-09-12T13:01:13.085Z [whale_hunter_v2] info: token0: Uniswap (UNI)
2022-09-12T13:01:13.086Z [whale_hunter_v2] info: token1: Wrapped Ether (WETH)
2022-09-12T13:01:14.068Z [whale_hunter_v2] info: Pair: WETH/UNI
2022-09-12T13:01:14.068Z [whale_hunter_v2] info: Mid price - Pre trade quote based on current pool reserves
2022-09-12T13:01:14.070Z [whale_hunter_v2] info: 1 WETH = 0.099917 UNI
2022-09-12T13:01:14.071Z [whale_hunter_v2] info: 1 UNI = 10.0083 WETH
2022-09-12T13:01:14.071Z [whale_hunter_v2] info: Fiat exchange rates:
2022-09-12T13:01:14.076Z [whale_hunter_v2] info: 1 UNI = $17,491.31
2022-09-12T13:01:14.076Z [whale_hunter_v2] info: 1 WETH = $1,747.68
2022-09-12T13:01:14.076Z [whale_hunter_v2] info: Execution price - The actual execution price we will get based on the current pool reserves
2022-09-12T13:02:14.080Z [whale_hunter_v2] info: ================ Starting Run ================
2022-09-12T13:02:14.081Z [whale_hunter_v2] info: Application running on ropsten
2022-09-12T13:02:14.081Z [whale_hunter_v2] info: ================ Pair Info ================
2022-09-12T13:02:14.081Z [whale_hunter_v2] info: Uniswap pair address: 0x4E99615101cCBB83A462dC4DE2bc1362EF1365e5
2022-09-12T13:02:20.308Z [whale_hunter_v2] info: token0: Uniswap (UNI)
2022-09-12T13:02:20.309Z [whale_hunter_v2] info: token1: Wrapped Ether (WETH)
2022-09-12T13:02:21.777Z [whale_hunter_v2] info: Pair: WETH/UNI
2022-09-12T13:02:21.777Z [whale_hunter_v2] info: Mid price - Pre trade quote based on current pool reserves
2022-09-12T13:02:21.780Z [whale_hunter_v2] info: 1 WETH = 0.099917 UNI
2022-09-12T13:02:21.780Z [whale_hunter_v2] info: 1 UNI = 10.0083 WETH
2022-09-12T13:02:21.780Z [whale_hunter_v2] info: Fiat exchange rates:
2022-09-12T13:02:21.786Z [whale_hunter_v2] info: 1 UNI = $17,486.80
2022-09-12T13:02:21.786Z [whale_hunter_v2] info: 1 WETH = $1,747.23
2022-09-12T13:02:21.786Z [whale_hunter_v2] info: Execution price - The actual execution price we will get based on the current pool reserves
2022-09-12T13:06:06.197Z [whale_hunter_v2] info: ================ Starting Run ================
2022-09-12T13:06:06.198Z [whale_hunter_v2] info: Application running on ropsten
2022-09-12T13:06:06.199Z [whale_hunter_v2] info: ================ Pair Info ================
2022-09-12T13:06:06.199Z [whale_hunter_v2] info: Uniswap pair address: 0x4E99615101cCBB83A462dC4DE2bc1362EF1365e5
2022-09-12T13:06:12.275Z [whale_hunter_v2] info: token0: Uniswap (UNI)
2022-09-12T13:06:12.276Z [whale_hunter_v2] info: token1: Wrapped Ether (WETH)
2022-09-12T13:06:13.381Z [whale_hunter_v2] info: Pair: WETH/UNI
2022-09-12T13:06:13.382Z [whale_hunter_v2] info: Mid price - Pre trade quote based on current pool reserves
2022-09-12T13:06:13.385Z [whale_hunter_v2] info: 1 WETH = 0.099917 UNI
2022-09-12T13:06:13.386Z [whale_hunter_v2] info: 1 UNI = 10.0083 WETH
2022-09-12T13:06:13.386Z [whale_hunter_v2] info: Fiat exchange rates:
2022-09-12T13:06:13.394Z [whale_hunter_v2] info: 1 UNI = $17,469.79
2022-09-12T13:06:13.394Z [whale_hunter_v2] info: 1 WETH = $1,745.53
2022-09-12T13:06:13.394Z [whale_hunter_v2] info: Execution price - The actual execution price we will get based on the current pool reserves
2022-09-12T19:20:50.372Z [whale_hunter_v2] info: ================ Starting Run ================
2022-09-12T19:20:50.373Z [whale_hunter_v2] info: Application running on ropsten
2022-09-12T19:20:50.373Z [whale_hunter_v2] info: ================ Pair Info ================
2022-09-12T19:20:50.373Z [whale_hunter_v2] info: Uniswap pair address: 0x4E99615101cCBB83A462dC4DE2bc1362EF1365e5
2022-09-12T19:20:58.033Z [whale_hunter_v2] info: token0: Uniswap (UNI)
2022-09-12T19:20:58.034Z [whale_hunter_v2] info: token1: Wrapped Ether (WETH)
2022-09-12T19:21:01.528Z [whale_hunter_v2] info: Pair: WETH/UNI
2022-09-12T19:21:48.429Z [whale_hunter_v2] info: ================ Starting Run ================
2022-09-12T19:21:48.430Z [whale_hunter_v2] info: Application running on ropsten
2022-09-12T19:21:48.430Z [whale_hunter_v2] info: ================ Pair Info ================
2022-09-12T19:21:48.430Z [whale_hunter_v2] info: Uniswap pair address: 0x4E99615101cCBB83A462dC4DE2bc1362EF1365e5
2022-09-12T19:21:54.491Z [whale_hunter_v2] info: token0: Uniswap (UNI)
2022-09-12T19:21:54.492Z [whale_hunter_v2] info: token1: Wrapped Ether (WETH)
2022-09-12T19:21:55.610Z [whale_hunter_v2] info: Pair: WETH/UNI
2022-09-12T19:23:20.870Z [whale_hunter_v2] info: ================ Starting Run ================
2022-09-12T19:23:20.871Z [whale_hunter_v2] info: Application running on ropsten
2022-09-12T19:23:20.871Z [whale_hunter_v2] info: ================ Pair Info ================
2022-09-12T19:23:20.871Z [whale_hunter_v2] info: Uniswap pair address: 0x4E99615101cCBB83A462dC4DE2bc1362EF1365e5
2022-09-12T19:23:27.721Z [whale_hunter_v2] info: token0: Uniswap (UNI)
2022-09-12T19:23:56.538Z [whale_hunter_v2] info: ================ Starting Run ================
2022-09-12T19:23:56.539Z [whale_hunter_v2] info: Application running on ropsten
2022-09-12T19:23:56.539Z [whale_hunter_v2] info: ================ Pair Info ================
2022-09-12T19:23:56.539Z [whale_hunter_v2] info: Uniswap pair address: 0x4E99615101cCBB83A462dC4DE2bc1362EF1365e5
2022-09-12T19:24:02.748Z [whale_hunter_v2] info: token0: Uniswap (UNI)
2022-09-12T19:24:02.749Z [whale_hunter_v2] info: token1: Wrapped Ether (WETH)
2022-09-12T19:24:18.315Z [whale_hunter_v2] info: ================ Starting Run ================
2022-09-12T19:24:18.316Z [whale_hunter_v2] info: Application running on ropsten
2022-09-12T19:24:18.316Z [whale_hunter_v2] info: ================ Pair Info ================
2022-09-12T19:24:18.316Z [whale_hunter_v2] info: Uniswap pair address: 0x4E99615101cCBB83A462dC4DE2bc1362EF1365e5
2022-09-12T19:24:24.467Z [whale_hunter_v2] info: token0: Uniswap (UNI)
2022-09-12T19:24:24.468Z [whale_hunter_v2] info: token1: Wrapped Ether (WETH)
2022-09-12T19:24:42.249Z [whale_hunter_v2] info: ================ Starting Run ================
2022-09-12T19:24:42.250Z [whale_hunter_v2] info: Application running on ropsten
2022-09-12T19:24:42.250Z [whale_hunter_v2] info: ================ Pair Info ================
2022-09-12T19:24:42.251Z [whale_hunter_v2] info: Uniswap pair address: 0x4E99615101cCBB83A462dC4DE2bc1362EF1365e5
2022-09-12T19:24:48.323Z [whale_hunter_v2] info: token0: Uniswap (UNI)
2022-09-12T19:24:48.324Z [whale_hunter_v2] info: token1: Wrapped Ether (WETH)
2022-09-12T19:26:50.225Z [whale_hunter_v2] info: ================ Starting Run ================
2022-09-12T19:26:50.226Z [whale_hunter_v2] info: Application running on ropsten
2022-09-12T19:26:50.226Z [whale_hunter_v2] info: ================ Pair Info ================
2022-09-12T19:26:50.226Z [whale_hunter_v2] info: Uniswap pair address: 0x4E99615101cCBB83A462dC4DE2bc1362EF1365e5
2022-09-12T19:26:56.327Z [whale_hunter_v2] info: token0: Uniswap (UNI)
2022-09-12T19:26:56.327Z [whale_hunter_v2] info: token1: Wrapped Ether (WETH)
2022-09-12T19:27:19.205Z [whale_hunter_v2] info: ================ Starting Run ================
2022-09-12T19:27:19.206Z [whale_hunter_v2] info: Application running on ropsten
2022-09-12T19:27:19.206Z [whale_hunter_v2] info: ================ Pair Info ================
2022-09-12T19:27:19.206Z [whale_hunter_v2] info: Uniswap pair address: 0x4E99615101cCBB83A462dC4DE2bc1362EF1365e5
2022-09-12T19:27:25.268Z [whale_hunter_v2] info: token0: Uniswap (UNI)
2022-09-12T19:27:25.268Z [whale_hunter_v2] info: token1: Wrapped Ether (WETH)
2022-09-12T19:32:04.179Z [whale_hunter_v2] info: ================ Starting Run ================
2022-09-12T19:32:04.180Z [whale_hunter_v2] info: Application running on ropsten
2022-09-12T19:32:04.180Z [whale_hunter_v2] info: ================ Pair Info ================
2022-09-12T19:32:04.180Z [whale_hunter_v2] info: Uniswap pair address: 0x4E99615101cCBB83A462dC4DE2bc1362EF1365e5
2022-09-12T19:32:10.305Z [whale_hunter_v2] info: token0: Uniswap (UNI)
2022-09-12T19:32:45.558Z [whale_hunter_v2] info: ================ Starting Run ================
2022-09-12T19:32:45.560Z [whale_hunter_v2] info: Application running on ropsten
2022-09-12T19:32:45.560Z [whale_hunter_v2] info: ================ Pair Info ================
2022-09-12T19:32:45.560Z [whale_hunter_v2] info: Uniswap pair address: 0x4E99615101cCBB83A462dC4DE2bc1362EF1365e5
2022-09-12T19:32:51.803Z [whale_hunter_v2] info: token0: Uniswap (UNI)
2022-09-12T19:32:51.804Z [whale_hunter_v2] info: token1: Wrapped Ether (WETH)
2022-09-12T19:34:00.708Z [whale_hunter_v2] info: ================ Starting Run ================
2022-09-12T19:34:00.709Z [whale_hunter_v2] info: Application running on ropsten
2022-09-12T19:34:00.709Z [whale_hunter_v2] info: ================ Pair Info ================
2022-09-12T19:34:00.709Z [whale_hunter_v2] info: Uniswap pair address: 0x4E99615101cCBB83A462dC4DE2bc1362EF1365e5
2022-09-12T19:34:06.818Z [whale_hunter_v2] info: token0: Uniswap (UNI)
2022-09-12T19:34:06.818Z [whale_hunter_v2] info: token1: Wrapped Ether (WETH)
2022-09-12T19:35:27.047Z [whale_hunter_v2] info: ================ Starting Run ================
2022-09-12T19:35:27.049Z [whale_hunter_v2] info: Application running on ropsten
2022-09-12T19:35:27.049Z [whale_hunter_v2] info: ================ Pair Info ================
2022-09-12T19:35:27.049Z [whale_hunter_v2] info: Uniswap pair address: 0x4E99615101cCBB83A462dC4DE2bc1362EF1365e5
2022-09-12T19:35:33.259Z [whale_hunter_v2] info: token0: Uniswap (UNI)
2022-09-12T19:35:33.260Z [whale_hunter_v2] info: token1: Wrapped Ether (WETH)
2022-09-12T19:37:38.042Z [whale_hunter_v2] info: ================ Starting Run ================
2022-09-12T19:37:38.043Z [whale_hunter_v2] info: Application running on ropsten
2022-09-12T19:37:38.044Z [whale_hunter_v2] info: ================ Pair Info ================
2022-09-12T19:37:38.044Z [whale_hunter_v2] info: Uniswap pair address: 0x4E99615101cCBB83A462dC4DE2bc1362EF1365e5
2022-09-12T19:37:44.203Z [whale_hunter_v2] info: token0: Uniswap (UNI)
2022-09-12T19:37:44.203Z [whale_hunter_v2] info: token1: Wrapped Ether (WETH)
2022-09-12T19:57:40.851Z [whale_hunter_v2] info: ================ Starting Run ================
2022-09-12T19:57:40.852Z [whale_hunter_v2] info: Application running on ropsten
2022-09-12T19:57:40.852Z [whale_hunter_v2] info: ================ Pair Info ================
2022-09-12T19:57:40.852Z [whale_hunter_v2] info: Uniswap pair address: 0x4E99615101cCBB83A462dC4DE2bc1362EF1365e5
2022-09-12T19:57:47.028Z [whale_hunter_v2] info: token0: Uniswap (UNI)
2022-09-12T19:57:47.029Z [whale_hunter_v2] info: token1: Wrapped Ether (WETH)
2022-09-12T20:03:00.942Z [whale_hunter_v2] info: ================ Starting Run ================
2022-09-12T20:03:00.943Z [whale_hunter_v2] info: Application running on ropsten
2022-09-12T20:03:00.944Z [whale_hunter_v2] info: ================ Pair Info ================
2022-09-12T20:03:00.944Z [whale_hunter_v2] info: Uniswap pair address: 0x4E99615101cCBB83A462dC4DE2bc1362EF1365e5
2022-09-12T20:03:07.130Z [whale_hunter_v2] info: token0: Uniswap (UNI)
2022-09-12T20:03:07.131Z [whale_hunter_v2] info: token1: Wrapped Ether (WETH)
2022-09-12T20:06:16.942Z [whale_hunter_v2] info: ================ Starting Run ================
2022-09-12T20:06:16.943Z [whale_hunter_v2] info: Application running on ropsten
2022-09-12T20:06:16.944Z [whale_hunter_v2] info: ================ Pair Info ================
2022-09-12T20:06:16.944Z [whale_hunter_v2] info: Uniswap pair address: 0x4E99615101cCBB83A462dC4DE2bc1362EF1365e5
2022-09-12T20:06:22.981Z [whale_hunter_v2] info: token0: Uniswap (UNI)
2022-09-12T20:06:22.982Z [whale_hunter_v2] info: token1: Wrapped Ether (WETH)
2022-09-12T20:07:50.468Z [whale_hunter_v2] info: ================ Starting Run ================
2022-09-12T20:07:50.469Z [whale_hunter_v2] info: Application running on ropsten
2022-09-12T20:07:50.469Z [whale_hunter_v2] info: ================ Pair Info ================
2022-09-12T20:07:50.470Z [whale_hunter_v2] info: Uniswap pair address: 0x4E99615101cCBB83A462dC4DE2bc1362EF1365e5
2022-09-12T20:07:56.575Z [whale_hunter_v2] info: token0: Uniswap (UNI)
2022-09-12T20:07:56.576Z [whale_hunter_v2] info: token1: Wrapped Ether (WETH)
2022-09-12T20:13:21.682Z [whale_hunter_v2] info: ================ Starting Run ================
2022-09-12T20:13:21.683Z [whale_hunter_v2] info: Application running on ropsten
2022-09-12T20:13:21.683Z [whale_hunter_v2] info: ================ Pair Info ================
2022-09-12T20:13:21.683Z [whale_hunter_v2] info: Uniswap pair address: 0x4E99615101cCBB83A462dC4DE2bc1362EF1365e5
2022-09-12T20:13:28.811Z [whale_hunter_v2] info: token0: Uniswap (UNI)
2022-09-12T20:13:28.812Z [whale_hunter_v2] info: token1: Wrapped Ether (WETH)
2022-09-12T20:13:51.068Z [whale_hunter_v2] info: ================ Starting Run ================
2022-09-12T20:13:51.069Z [whale_hunter_v2] info: Application running on ropsten
2022-09-12T20:13:51.069Z [whale_hunter_v2] info: ================ Pair Info ================
2022-09-12T20:13:51.070Z [whale_hunter_v2] info: Uniswap pair address: 0x4E99615101cCBB83A462dC4DE2bc1362EF1365e5
2022-09-12T20:13:57.655Z [whale_hunter_v2] info: token0: Uniswap (UNI)
2022-09-12T20:13:57.655Z [whale_hunter_v2] info: token1: Wrapped Ether (WETH)
2022-09-12T20:17:49.706Z [whale_hunter_v2] info: ================ Starting Run ================
2022-09-12T20:17:49.708Z [whale_hunter_v2] info: Application running on ropsten
2022-09-12T20:17:49.708Z [whale_hunter_v2] info: ================ Pair Info ================
2022-09-12T20:17:49.708Z [whale_hunter_v2] info: Uniswap pair address: 0x4E99615101cCBB83A462dC4DE2bc1362EF1365e5
2022-09-12T20:17:55.946Z [whale_hunter_v2] info: token0: Uniswap (UNI)
2022-09-12T20:17:55.946Z [whale_hunter_v2] info: token1: Wrapped Ether (WETH)
2022-09-12T20:17:58.879Z [whale_hunter_v2] info: Pair: WETH/UNI
2022-09-12T20:17:58.879Z [whale_hunter_v2] info: Mid price - Pre trade quote based on current pool reserves
2022-09-12T20:17:58.883Z [whale_hunter_v2] info: 1 WETH = 0.0998738 UNI
2022-09-12T20:17:58.884Z [whale_hunter_v2] info: 1 UNI = 10.0126 WETH
2022-09-12T20:17:58.884Z [whale_hunter_v2] info: Fiat exchange rates:
2022-09-12T20:17:58.890Z [whale_hunter_v2] info: 1 UNI = $17,273.14
2022-09-12T20:17:58.890Z [whale_hunter_v2] info: 1 WETH = $1,725.14
2022-09-12T20:17:58.890Z [whale_hunter_v2] info: Execution price - The actual execution price we will get based on the current pool reserves
