2022-09-11T20:13:10.338Z [whale_hunter_v2] error: uncaughtException: Unrecognised argument passed: undefined. Available arguments are 'main' or 'test'
Error: Unrecognised argument passed: undefined. Available arguments are 'main' or 'test'
    at initEnvironment (file:///Users/bennaylor/Development/Github/WhaleHunterv2/index.js:80:15)
    at main (file:///Users/bennaylor/Development/Github/WhaleHunterv2/index.js:21:42)
    at file:///Users/bennaylor/Development/Github/WhaleHunterv2/index.js:87:1
    at ModuleJob.run (node:internal/modules/esm/module_job:198:25)
    at async Promise.all (index 0)
    at async ESMLoader.import (node:internal/modules/esm/loader:385:24)
    at async loadESM (node:internal/process/esm_loader:88:5)
    at async handleMainPromise (node:internal/modules/run_main:61:12)
2022-09-11T20:14:05.379Z [whale_hunter_v2] error: uncaughtException: Unrecognised argument passed: undefined. Available arguments are 'main' or 'test'
Error: Unrecognised argument passed: undefined. Available arguments are 'main' or 'test'
    at initEnvironment (file:///Users/bennaylor/Development/Github/WhaleHunterv2/index.js:81:15)
    at main (file:///Users/bennaylor/Development/Github/WhaleHunterv2/index.js:21:42)
    at file:///Users/bennaylor/Development/Github/WhaleHunterv2/index.js:88:1
    at ModuleJob.run (node:internal/modules/esm/module_job:198:25)
    at async Promise.all (index 0)
    at async ESMLoader.import (node:internal/modules/esm/loader:385:24)
    at async loadESM (node:internal/process/esm_loader:88:5)
    at async handleMainPromise (node:internal/modules/run_main:61:12)
2022-09-11T20:14:20.125Z [whale_hunter_v2] error: uncaughtException: Unrecognised argument passed: undefined. Available arguments are 'main' or 'test'
Error: Unrecognised argument passed: undefined. Available arguments are 'main' or 'test'
    at initEnvironment (file:///Users/bennaylor/Development/Github/WhaleHunterv2/index.js:81:15)
    at main (file:///Users/bennaylor/Development/Github/WhaleHunterv2/index.js:21:42)
    at file:///Users/bennaylor/Development/Github/WhaleHunterv2/index.js:88:1
    at ModuleJob.run (node:internal/modules/esm/module_job:198:25)
    at async Promise.all (index 0)
    at async ESMLoader.import (node:internal/modules/esm/loader:385:24)
    at async loadESM (node:internal/process/esm_loader:88:5)
    at async handleMainPromise (node:internal/modules/run_main:61:12)
2022-09-11T20:28:34.261Z [whale_hunter_v2] error: uncaughtException: ethers is not defined
ReferenceError: ethers is not defined
    at initEnvironment (file:///Users/bennaylor/Development/Github/WhaleHunterv2/utils/utils.js:41:9)
    at main (file:///Users/bennaylor/Development/Github/WhaleHunterv2/index.js:21:42)
    at file:///Users/bennaylor/Development/Github/WhaleHunterv2/index.js:93:1
    at ModuleJob.run (node:internal/modules/esm/module_job:198:25)
    at async Promise.all (index 0)
    at async ESMLoader.import (node:internal/modules/esm/loader:385:24)
    at async loadESM (node:internal/process/esm_loader:88:5)
    at async handleMainPromise (node:internal/modules/run_main:61:12)
2022-09-11T20:29:09.808Z [whale_hunter_v2] error: uncaughtException: ROPSTEN_URL is not defined
ReferenceError: ROPSTEN_URL is not defined
    at initEnvironment (file:///Users/bennaylor/Development/Github/WhaleHunterv2/utils/utils.js:42:57)
    at main (file:///Users/bennaylor/Development/Github/WhaleHunterv2/index.js:21:42)
    at file:///Users/bennaylor/Development/Github/WhaleHunterv2/index.js:93:1
    at ModuleJob.run (node:internal/modules/esm/module_job:198:25)
    at async Promise.all (index 0)
    at async ESMLoader.import (node:internal/modules/esm/loader:385:24)
    at async loadESM (node:internal/process/esm_loader:88:5)
    at async handleMainPromise (node:internal/modules/run_main:61:12)
2022-09-11T20:29:56.774Z [whale_hunter_v2] error: uncaughtException: addresses is not defined
ReferenceError: addresses is not defined
    at main (file:///Users/bennaylor/Development/Github/WhaleHunterv2/index.js:48:21)
    at processTicksAndRejections (node:internal/process/task_queues:96:5)
2022-09-11T20:30:21.593Z [whale_hunter_v2] error: uncaughtException: addresses is not defined
ReferenceError: addresses is not defined
    at main (file:///Users/bennaylor/Development/Github/WhaleHunterv2/index.js:48:21)
    at processTicksAndRejections (node:internal/process/task_queues:96:5)
2022-09-11T20:30:54.533Z [whale_hunter_v2] error: uncaughtException: addresses is not defined
ReferenceError: addresses is not defined
    at main (file:///Users/bennaylor/Development/Github/WhaleHunterv2/index.js:49:21)
    at processTicksAndRejections (node:internal/process/task_queues:96:5)
2022-09-11T21:28:38.483Z [whale_hunter_v2] error: uncaughtException: Cannot read properties of undefined (reading 'usd')
TypeError: Cannot read properties of undefined (reading 'usd')
    at getCurrentEthPrice (file:///Users/bennaylor/Development/Github/WhaleHunterv2/index.js:96:46)
    at processTicksAndRejections (node:internal/process/task_queues:96:5)
    at async main (file:///Users/bennaylor/Development/Github/WhaleHunterv2/index.js:24:17)
2022-09-11T21:29:06.111Z [whale_hunter_v2] error: uncaughtException: Converting circular structure to JSON
    --> starting at object with constructor 'ClientRequest'
    |     property 'socket' -> object with constructor 'TLSSocket'
    --- property '_httpMessage' closes the circle
TypeError: Converting circular structure to JSON
    --> starting at object with constructor 'ClientRequest'
    |     property 'socket' -> object with constructor 'TLSSocket'
    --- property '_httpMessage' closes the circle
    at JSON.stringify (<anonymous>)
    at getCurrentEthPrice (file:///Users/bennaylor/Development/Github/WhaleHunterv2/index.js:96:35)
    at processTicksAndRejections (node:internal/process/task_queues:96:5)
    at async main (file:///Users/bennaylor/Development/Github/WhaleHunterv2/index.js:24:17)
2022-09-11T21:29:34.545Z [whale_hunter_v2] error: uncaughtException: response.JSON is not a function
TypeError: response.JSON is not a function
    at getCurrentEthPrice (file:///Users/bennaylor/Development/Github/WhaleHunterv2/index.js:96:54)
    at processTicksAndRejections (node:internal/process/task_queues:96:5)
    at async main (file:///Users/bennaylor/Development/Github/WhaleHunterv2/index.js:24:17)
2022-09-11T21:30:17.888Z [whale_hunter_v2] error: uncaughtException: Converting circular structure to JSON
    --> starting at object with constructor 'ClientRequest'
    |     property 'socket' -> object with constructor 'TLSSocket'
    --- property '_httpMessage' closes the circle
TypeError: Converting circular structure to JSON
    --> starting at object with constructor 'ClientRequest'
    |     property 'socket' -> object with constructor 'TLSSocket'
    --- property '_httpMessage' closes the circle
    at JSON.stringify (<anonymous>)
    at getCurrentEthPrice (file:///Users/bennaylor/Development/Github/WhaleHunterv2/index.js:96:35)
    at processTicksAndRejections (node:internal/process/task_queues:96:5)
    at async main (file:///Users/bennaylor/Development/Github/WhaleHunterv2/index.js:24:17)
2022-09-11T21:37:12.017Z [whale_hunter_v2] error: uncaughtException: Cannot read properties of undefined (reading 'current_price')
TypeError: Cannot read properties of undefined (reading 'current_price')
    at getCurrentEthPrice (file:///Users/bennaylor/Development/Github/WhaleHunterv2/index.js:98:51)
    at processTicksAndRejections (node:internal/process/task_queues:96:5)
    at async main (file:///Users/bennaylor/Development/Github/WhaleHunterv2/index.js:26:17)
2022-09-11T22:00:22.807Z [whale_hunter_v2] error: uncaughtException: CoinGeckoClient is not defined
ReferenceError: CoinGeckoClient is not defined
    at getCurrentEthPrice (file:///Users/bennaylor/Development/Github/WhaleHunterv2/utils/utils.js:60:20)
    at main (file:///Users/bennaylor/Development/Github/WhaleHunterv2/index.js:74:23)
    at processTicksAndRejections (node:internal/process/task_queues:96:5)
2022-09-11T22:00:50.878Z [whale_hunter_v2] error: uncaughtException: CoinGeckoClient is not defined
ReferenceError: CoinGeckoClient is not defined
    at getCurrentEthPrice (file:///Users/bennaylor/Development/Github/WhaleHunterv2/utils/utils.js:61:20)
    at main (file:///Users/bennaylor/Development/Github/WhaleHunterv2/index.js:74:23)
    at processTicksAndRejections (node:internal/process/task_queues:96:5)
2022-09-11T22:01:43.643Z [whale_hunter_v2] error: uncaughtException: CoinGecko is not defined
ReferenceError: CoinGecko is not defined
    at getCurrentEthPrice (file:///Users/bennaylor/Development/Github/WhaleHunterv2/utils/utils.js:61:29)
    at main (file:///Users/bennaylor/Development/Github/WhaleHunterv2/index.js:71:23)
    at processTicksAndRejections (node:internal/process/task_queues:96:5)
